<?xml version="1.0" encoding="UTF-8"?>
<!-- Generated by org.testng.reporters.JUnitXMLReporter -->
<testsuite ignored="2" hostname="LAPTOP-ESVJC6Q0" failures="0" tests="1" name="AdhocTest" time="0.008" errors="0" timestamp="2024-03-22T16:19:09 IST">
  <testcase classname="TestNG_Demo.Home_Loan" name="HLuser1" time="0.002"/>
  <testcase classname="TestNG_Demo.Home_Loan" name="HLuser3" time="0.0">
    <ignored/>
  </testcase> <!-- HLuser3 -->
  <testcase classname="TestNG_Demo.Home_Loan" name="HLuser2" time="0.0">
    <ignored/>
  </testcase> <!-- HLuser2 -->
</testsuite> <!-- AdhocTest -->
