<?xml version="1.0" encoding="UTF-8"?>
<!-- Generated by org.testng.reporters.JUnitXMLReporter -->
<testsuite ignored="0" hostname="LAPTOP-ESVJC6Q0" failures="0" tests="8" name="s" time="0.163" errors="0" timestamp="2024-03-22T16:01:29 IST">
  <testcase classname="TestNG_Demo.Car_Loan" name="CLuser1" time="0.012"/>
  <testcase classname="TestNG_Demo.Car_Loan" name="CLuser2" time="0.002"/>
  <testcase classname="TestNG_Demo.Car_Loan" name="CLuser3" time="0.003"/>
  <testcase classname="TestNG_Demo.Home_Loan" name="HLuser1" time="0.001"/>
  <testcase classname="TestNG_Demo.Home_Loan" name="HLuser2" time="0.002"/>
  <testcase classname="TestNG_Demo.Home_Loan" name="HLuser3" time="0.004"/>
  <testcase classname="TestNG_Demo.Personal_Loan" name="PLuser1" time="0.002"/>
  <testcase classname="TestNG_Demo.Personal_Loan" name="PLuser2" time="0.003"/>
</testsuite> <!-- s -->
