<?xml version="1.0" encoding="UTF-8"?>
<!-- Generated by org.testng.reporters.JUnitXMLReporter -->
<testsuite ignored="0" hostname="LAPTOP-ESVJC6Q0" failures="0" tests="8" name="Test" time="0.091" errors="0" timestamp="2024-03-22T09:41:41 IST">
  <testcase classname="TestNG_Demo.Home_Loan" name="homeloanuser1" time="0.009"/>
  <testcase classname="TestNG_Demo.Home_Loan" name="homeloanuser2" time="0.001"/>
  <testcase classname="TestNG_Demo.Home_Loan" name="homeloanuser3" time="0.001"/>
  <testcase classname="TestNG_Demo.Car_Loan" name="carloanuser1" time="0.002"/>
  <testcase classname="TestNG_Demo.Car_Loan" name="carloanuser2" time="0.004"/>
  <testcase classname="TestNG_Demo.Car_Loan" name="carloanuser3" time="0.003"/>
  <testcase classname="TestNG_Demo.PersonalLoan" name="Personalloanuser1" time="0.001"/>
  <testcase classname="TestNG_Demo.PersonalLoan" name="Personalloanuser2" time="0.001"/>
</testsuite> <!-- Test -->
