<?xml version="1.0" encoding="UTF-8"?>
<!-- Generated by org.testng.reporters.JUnitXMLReporter -->
<testsuite ignored="0" hostname="LAPTOP-ESVJC6Q0" failures="1" tests="5" name="Parametarisation_though_xmlpart2" time="0.077" errors="0" timestamp="2024-03-23T17:16:13 IST">
  <testcase classname="TestNG_Demo.Laptop_Loan" name="LPuser1" time="0.007"/>
  <testcase classname="TestNG_Demo.Laptop_Loan" name="LPuser2" time="0.0">
    <failure type="org.testng.TestNGException" message="
Cannot inject @Test annotated Method [LPuser2] with [class java.lang.String].
For more information on native dependency injection please refer to https://testng.org/doc/documentation-main.html#native-dependency-injection">
      <![CDATA[org.testng.TestNGException: 
Cannot inject @Test annotated Method [LPuser2] with [class java.lang.String].
For more information on native dependency injection please refer to https://testng.org/doc/documentation-main.html#native-dependency-injection
at java.base/java.util.ArrayList.forEach(ArrayList.java:1511)
... Removed 26 stack frames]]>
    </failure>
  </testcase> <!-- LPuser2 -->
  <testcase classname="TestNG_Demo.Laptop_Loan" name="LPuser3" time="0.003"/>
  <testcase classname="TestNG_Demo.Laptop_Loan" name="LPuser3" time="0.001"/>
  <testcase classname="TestNG_Demo.Laptop_Loan" name="LPuser3" time="0.003"/>
</testsuite> <!-- Parametarisation_though_xmlpart2 -->
