<?xml version="1.0" encoding="UTF-8"?>
<!-- Generated by org.testng.reporters.JUnitXMLReporter -->
<testsuite ignored="0" hostname="LAPTOP-ESVJC6Q0" failures="0" tests="3" name="Parametarisation_though_xmlpart2" time="0.025" errors="0" timestamp="2024-03-23T11:45:17 IST">
  <testcase classname="TestNG_Demo.Mobile_Loan" name="MBuser1" time="0.002"/>
  <testcase classname="TestNG_Demo.Mobile_Loan" name="MBuser2" time="0.004"/>
  <testcase classname="TestNG_Demo.Mobile_Loan" name="MBuser3" time="0.002"/>
</testsuite> <!-- Parametarisation_though_xmlpart2 -->
