<?xml version="1.0" encoding="UTF-8"?>
<testng-results ignored="0" total="5" passed="4" failed="1" skipped="0">
  <reporter-output>
  </reporter-output>
  <suite started-at="2024-03-23T17:16:13 IST" name="SuiteforParamerised_xml" finished-at="2024-03-23T17:16:13 IST" duration-ms="77">
    <groups>
    </groups>
    <test started-at="2024-03-23T17:16:13 IST" name="Parametarisation_though_xmlpart2" finished-at="2024-03-23T17:16:13 IST" duration-ms="77">
      <class name="TestNG_Demo.Laptop_Loan">
        <test-method signature="LPuser1()[pri:0, instance:TestNG_Demo.Laptop_Loan@8f4ea7c]" started-at="2024-03-23T17:16:13 IST" name="LPuser1" finished-at="2024-03-23T17:16:13 IST" duration-ms="7" status="PASS">
          <reporter-output>
          </reporter-output>
        </test-method> <!-- LPuser1 -->
        <test-method signature="LPuser2(java.lang.String)[pri:0, instance:TestNG_Demo.Laptop_Loan@8f4ea7c]" started-at="2024-03-23T17:16:13 IST" name="LPuser2" finished-at="2024-03-23T17:16:13 IST" duration-ms="0" status="FAIL">
          <exception class="org.testng.TestNGException">
            <message>
              <![CDATA[
Cannot inject @Test annotated Method [LPuser2] with [class java.lang.String].
For more information on native dependency injection please refer to https://testng.org/doc/documentation-main.html#native-dependency-injection]]>
            </message>
            <full-stacktrace>
              <![CDATA[org.testng.TestNGException: 
Cannot inject @Test annotated Method [LPuser2] with [class java.lang.String].
For more information on native dependency injection please refer to https://testng.org/doc/documentation-main.html#native-dependency-injection
at org.testng.internal.Parameters.checkParameterTypes(Parameters.java:445)
at org.testng.internal.Parameters.createParametersForMethod(Parameters.java:350)
at org.testng.internal.Parameters.createParameters(Parameters.java:702)
at org.testng.internal.Parameters.handleParameters(Parameters.java:888)
at org.testng.internal.Parameters.handleParameters(Parameters.java:737)
at org.testng.internal.invokers.ParameterHandler.handleParameters(ParameterHandler.java:72)
at org.testng.internal.invokers.ParameterHandler.createParameters(ParameterHandler.java:51)
at org.testng.internal.invokers.TestInvoker$MethodInvocationAgent.invoke(TestInvoker.java:915)
at org.testng.internal.invokers.TestInvoker.invokeTestMethods(TestInvoker.java:201)
at org.testng.internal.invokers.TestMethodWorker.invokeTestMethods(TestMethodWorker.java:148)
at org.testng.internal.invokers.TestMethodWorker.run(TestMethodWorker.java:128)
at java.base/java.util.ArrayList.forEach(ArrayList.java:1511)
at org.testng.TestRunner.privateRun(TestRunner.java:819)
at org.testng.TestRunner.run(TestRunner.java:619)
at org.testng.SuiteRunner.runTest(SuiteRunner.java:443)
at org.testng.SuiteRunner.runSequentially(SuiteRunner.java:437)
at org.testng.SuiteRunner.privateRun(SuiteRunner.java:397)
at org.testng.SuiteRunner.run(SuiteRunner.java:336)
at org.testng.SuiteRunnerWorker.runSuite(SuiteRunnerWorker.java:52)
at org.testng.SuiteRunnerWorker.run(SuiteRunnerWorker.java:95)
at org.testng.TestNG.runSuitesSequentially(TestNG.java:1301)
at org.testng.TestNG.runSuitesLocally(TestNG.java:1228)
at org.testng.TestNG.runSuites(TestNG.java:1134)
at org.testng.TestNG.run(TestNG.java:1101)
at org.testng.remote.AbstractRemoteTestNG.run(AbstractRemoteTestNG.java:115)
at org.testng.remote.RemoteTestNG.initAndRun(RemoteTestNG.java:251)
at org.testng.remote.RemoteTestNG.main(RemoteTestNG.java:77)
]]>
            </full-stacktrace>
          </exception> <!-- org.testng.TestNGException -->
          <reporter-output>
          </reporter-output>
        </test-method> <!-- LPuser2 -->
        <test-method signature="LPuser3(java.lang.String,java.lang.String)[pri:0, instance:TestNG_Demo.Laptop_Loan@8f4ea7c]" started-at="2024-03-23T17:16:13 IST" name="LPuser3" data-provider="getdata" finished-at="2024-03-23T17:16:13 IST" duration-ms="3" status="PASS">
          <params>
            <param index="0">
              <value>
                <![CDATA[Firstusername]]>
              </value>
            </param>
            <param index="1">
              <value>
                <![CDATA[FirstPass]]>
              </value>
            </param>
          </params>
          <reporter-output>
          </reporter-output>
        </test-method> <!-- LPuser3 -->
        <test-method signature="LPuser3(java.lang.String,java.lang.String)[pri:0, instance:TestNG_Demo.Laptop_Loan@8f4ea7c]" started-at="2024-03-23T17:16:13 IST" name="LPuser3" data-provider="getdata" finished-at="2024-03-23T17:16:13 IST" duration-ms="1" status="PASS">
          <params>
            <param index="0">
              <value>
                <![CDATA[Secondusername]]>
              </value>
            </param>
            <param index="1">
              <value>
                <![CDATA[Secondpass]]>
              </value>
            </param>
          </params>
          <reporter-output>
          </reporter-output>
        </test-method> <!-- LPuser3 -->
        <test-method signature="LPuser3(java.lang.String,java.lang.String)[pri:0, instance:TestNG_Demo.Laptop_Loan@8f4ea7c]" started-at="2024-03-23T17:16:13 IST" name="LPuser3" data-provider="getdata" finished-at="2024-03-23T17:16:13 IST" duration-ms="3" status="PASS">
          <params>
            <param index="0">
              <value>
                <![CDATA[Thirdusername]]>
              </value>
            </param>
            <param index="1">
              <value>
                <![CDATA[Thirdpass]]>
              </value>
            </param>
          </params>
          <reporter-output>
          </reporter-output>
        </test-method> <!-- LPuser3 -->
      </class> <!-- TestNG_Demo.Laptop_Loan -->
    </test> <!-- Parametarisation_though_xmlpart2 -->
  </suite> <!-- SuiteforParamerised_xml -->
</testng-results>
